#
# There is insufficient memory for the Java Runtime Environment to continue.
# Native memory allocation (malloc) failed to allocate 1048576 bytes for AllocateHeap
# Possible reasons:
#   The system is out of physical RAM or swap space
#   In 32 bit mode, the process size limit was hit
# Possible solutions:
#   Reduce memory load on the system
#   Increase physical memory or swap space
#   Check if swap backing store is full
#   Use 64 bit Java on a 64 bit OS
#   Decrease Java heap size (-Xmx/-Xms)
#   Decrease number of Java threads
#   Decrease Java thread stack sizes (-Xss)
#   Set larger code cache with -XX:ReservedCodeCacheSize=
# This output file may be truncated or incomplete.
#
#  Out of Memory Error (memory/allocation.inline.hpp:61), pid=9660, tid=0x0000000000002940
#
# JRE version:  (8.0_131-b11) (build )
# Java VM: Java HotSpot(TM) 64-Bit Server VM (25.131-b11 mixed mode windows-amd64 compressed oops)
# Failed to write core dump. Minidumps are not enabled by default on client versions of Windows
#

---------------  T H R E A D  ---------------

Current thread (0x0000000000f9e000):  JavaThread "Unknown thread" [_thread_in_vm, id=10560, stack(0x0000000002b70000,0x0000000002c70000)]

Stack: [0x0000000002b70000,0x0000000002c70000]
[error occurred during error reporting (printing stack bounds), id 0xc0000005]

Native frames: (J=compiled Java code, j=interpreted, Vv=VM code, C=native code)


---------------  P R O C E S S  ---------------

Java Threads: ( => current thread )

Other Threads:

=>0x0000000000f9e000 (exited) JavaThread "Unknown thread" [_thread_in_vm, id=10560, stack(0x0000000002b70000,0x0000000002c70000)]

VM state:not at safepoint (normal execution)

VM Mutex/Monitor currently owned by a thread: None

Heap:
 PSYoungGen      total 18944K, used 327K [0x00000000feb00000, 0x0000000100000000, 0x0000000100000000)
  eden space 16384K, 2% used [0x00000000feb00000,0x00000000feb51ec8,0x00000000ffb00000)
  from space 2560K, 0% used [0x00000000ffd80000,0x00000000ffd80000,0x0000000100000000)
  to   space 2560K, 0% used [0x00000000ffb00000,0x00000000ffb00000,0x00000000ffd80000)
 ParOldGen       total 44032K, used 0K [0x00000000fc000000, 0x00000000feb00000, 0x00000000feb00000)
  object space 44032K, 0% used [0x00000000fc000000,0x00000000fc000000,0x00000000feb00000)
 Metaspace       used 770K, capacity 4480K, committed 4480K, reserved 1056768K
  class space    used 75K, capacity 384K, committed 384K, reserved 1048576K

Card table byte_map: [0x0000000000f00000,0x0000000000f30000] byte_map_base: 0x0000000000720000

Marking Bits: (ParMarkBitMap*) 0x000000006c02c720
 Begin Bits: [0x0000000012350000, 0x0000000012450000)
 End Bits:   [0x0000000012450000, 0x0000000012550000)

Polling page: 0x0000000000ed0000

CodeCache: size=245760Kb used=327Kb max_used=327Kb free=245432Kb
 bounds [0x0000000002d90000, 0x0000000003000000, 0x0000000011d90000]
 total_blobs=57 nmethods=0 adapters=38
 compilation: enabled

Compilation events (0 events):
No events

GC Heap History (0 events):
No events

Deoptimization events (0 events):
No events

Internal exceptions (0 events):
No events

Events (10 events):
Event: 0.213 loading class java/lang/Short
Event: 0.213 loading class java/lang/Short done
Event: 0.214 loading class java/lang/Integer
Event: 0.214 loading class java/lang/Integer done
Event: 0.214 loading class java/lang/Long
Event: 0.214 loading class java/lang/Long done
Event: 0.217 loading class java/lang/NullPointerException
Event: 0.217 loading class java/lang/NullPointerException done
Event: 0.217 loading class java/lang/ArithmeticException
Event: 0.217 loading class java/lang/ArithmeticException done


Dynamic libraries:
0x00007ff703450000 - 0x00007ff703487000 	C:\Program Files\Java\jdk1.8.0_131\bin\java.exe
0x00007ff9761e0000 - 0x00007ff9763c1000 	C:\WINDOWS\SYSTEM32\ntdll.dll
0x00007ff973c90000 - 0x00007ff973d41000 	C:\WINDOWS\System32\KERNEL32.DLL
0x00007ff973140000 - 0x00007ff9733b3000 	C:\WINDOWS\System32\KERNELBASE.dll
0x00007ff973be0000 - 0x00007ff973c81000 	C:\WINDOWS\System32\ADVAPI32.dll
0x00007ff975ba0000 - 0x00007ff975c3e000 	C:\WINDOWS\System32\msvcrt.dll
0x00007ff973d50000 - 0x00007ff973dab000 	C:\WINDOWS\System32\sechost.dll
0x00007ff974200000 - 0x00007ff974324000 	C:\WINDOWS\System32\RPCRT4.dll
0x00007ff973fa0000 - 0x00007ff974131000 	C:\WINDOWS\System32\USER32.dll
0x00007ff972f70000 - 0x00007ff972f90000 	C:\WINDOWS\System32\win32u.dll
0x00007ff973f70000 - 0x00007ff973f98000 	C:\WINDOWS\System32\GDI32.dll
0x00007ff972d50000 - 0x00007ff972ee1000 	C:\WINDOWS\System32\gdi32full.dll
0x00007ff9733c0000 - 0x00007ff97345f000 	C:\WINDOWS\System32\msvcp_win.dll
0x00007ff973040000 - 0x00007ff973138000 	C:\WINDOWS\System32\ucrtbase.dll
0x00007ff95fc80000 - 0x00007ff95fee9000 	C:\WINDOWS\WinSxS\amd64_microsoft.windows.common-controls_6595b64144ccf1df_6.0.17134.1184_none_d403e8b37c8ca406\COMCTL32.dll
0x00007ff975e00000 - 0x00007ff976121000 	C:\WINDOWS\System32\combase.dll
0x00007ff972ef0000 - 0x00007ff972f69000 	C:\WINDOWS\System32\bcryptPrimitives.dll
0x00007ff973650000 - 0x00007ff97367d000 	C:\WINDOWS\System32\IMM32.DLL
0x000000006c0b0000 - 0x000000006c182000 	C:\Program Files\Java\jdk1.8.0_131\jre\bin\msvcr100.dll
0x000000006b810000 - 0x000000006c0ac000 	C:\Program Files\Java\jdk1.8.0_131\jre\bin\server\jvm.dll
0x00007ff973bd0000 - 0x00007ff973bd8000 	C:\WINDOWS\System32\PSAPI.DLL
0x00007ff970460000 - 0x00007ff970469000 	C:\WINDOWS\SYSTEM32\WSOCK32.dll
0x00007ff975ce0000 - 0x00007ff975d4c000 	C:\WINDOWS\System32\WS2_32.dll
0x00007ff970740000 - 0x00007ff970763000 	C:\WINDOWS\SYSTEM32\WINMM.dll
0x00007ff96ddf0000 - 0x00007ff96ddfa000 	C:\WINDOWS\SYSTEM32\VERSION.dll
0x00007ff970710000 - 0x00007ff97073a000 	C:\WINDOWS\SYSTEM32\WINMMBASE.dll
0x00007ff972590000 - 0x00007ff9725d9000 	C:\WINDOWS\System32\cfgmgr32.dll
0x000000006d2d0000 - 0x000000006d2df000 	C:\Program Files\Java\jdk1.8.0_131\jre\bin\verify.dll
0x000000006d2a0000 - 0x000000006d2c9000 	C:\Program Files\Java\jdk1.8.0_131\jre\bin\java.dll
0x000000006d280000 - 0x000000006d296000 	C:\Program Files\Java\jdk1.8.0_131\jre\bin\zip.dll

VM Arguments:
jvm_args: -Xmx64m -Xms64m -Dorg.gradle.appname=gradlew 
java_command: org.gradle.wrapper.GradleWrapperMain app:installDebug -PreactNativeDevServerPort=8081
java_class_path (initial): D:\Arkademy\reactnative\chatsek\android\\gradle\wrapper\gradle-wrapper.jar
Launcher Type: SUN_STANDARD

Environment Variables:
JAVA_HOME=C:\Program Files\Java\jdk1.8.0_131
CLASSPATH=D:\Arkademy\reactnative\chatsek\android\\gradle\wrapper\gradle-wrapper.jar
PATH=C:\Program Files (x86)\Common Files\Intel\Shared Files\cpp\bin\Intel64;C:\ProgramData\Oracle\Java\javapath;C:\WINDOWS\system32;C:\WINDOWS;C:\WINDOWS\System32\Wbem;C:\WINDOWS\System32\WindowsPowerShell\v1.0\;C:\Program Files (x86)\ATI Technologies\ATI.ACE\Core-Static;C:\Program Files (x86)\Microsoft SQL Server\100\Tools\Binn\;C:\Program Files (x86)\Microsoft SQL Server\100\DTS\Binn\;C:\Program Files\Git\cmd;C:\Cmder;D:\xampp\php;C:\ProgramData\ComposerSetup\bin;C:\Program Files\MongoDB\Server\3.4\bin;C:\Program Files (x86)\Java\jdk1.8.0_101\bin;C:\Program Files\nodejs;C:\Program Files\Git\bin;C:\Users\Nitha Huwaida\AppData\Local\Android\Sdk\build-tools;C:\Program Files (x86)\Java\jre1.8.0_101\bin;C:\Users\Nitha Huwaida\AppData\Local\Android\Sdk\tools;C:\Users\Nitha Huwaida\AppData\Local\Android\Sdk\platform-tools;C:\Users\Nitha Huwaida\AppData\Local\Microsoft\WindowsApps;C:\Users\Nitha Huwaida\AppData\Roaming\npm;C:\Users\Nitha Huwaida\AppData\Roaming\Composer\;C:\Program Files\Java\jdk1.8.0_131;C:\Program Files\Java\jre1.8.0_131;C:\WINDOWS\system32;C:\WINDOWS;C:\WINDOWS\System32\Wbem;C:\WINDOWS\System32\WindowsPowerShell\v1.0\;C:\Python27\Scripts;C:\Program Files (x86)\AMD\ATI.ACE\Core-Static;C:\xampp\php;C:\WINDOWS\System32\OpenSSH\;C:\Program Files\nodejs\;C:\Program Files\PuTTY\;C:\Users\Nitha Huwaida\.windows-build-tools\python27;C:\Users\Nitha Huwaida\AppData\Local\Microsoft\WindowsApps;C:\Users\Nitha Huwaida\AppData\Roaming\Composer\vendor\bin;D:\Installer\Microsoft VS Code\bin;C:\Users\Nitha Huwaida\AppData\Local\Android\Sdk\platform-tools;C:\Program Files\heroku\bin;C:\Users\Nitha Huwaida\AppData\Roaming\npm;C:\Program Files\nodejs;
USERNAME=Nitha Huwaida
OS=Windows_NT
PROCESSOR_IDENTIFIER=AMD64 Family 20 Model 2 Stepping 0, AuthenticAMD



---------------  S Y S T E M  ---------------

OS: Windows 10.0 , 64 bit Build 17134 (10.0.17134.753)

CPU:total 2 (initial active 2) (2 cores per cpu, 1 threads per core) family 20 model 2 stepping 0, cmov, cx8, fxsr, mmx, sse, sse2, sse3, ssse3, popcnt, mmxext, lzcnt, sse4a, tsc, tscinvbit, tscinv

Memory: 4k page, physical 5855688k(841716k free), swap 8157640k(4976k free)

vm_info: Java HotSpot(TM) 64-Bit Server VM (25.131-b11) for windows-amd64 JRE (1.8.0_131-b11), built on Mar 15 2017 01:23:53 by "java_re" with MS VC++ 10.0 (VS2010)

time: Fri Dec 27 21:51:47 2019
elapsed time: 0 seconds (0d 0h 0m 0s)

